{"/home/stanley/bta-devops/city-weather-application/index.js": {"path":"/home/stanley/bta-devops/city-weather-application/index.js","statementMap":{"0":{"start":{"line":1,"column":0},"end":{"line":1,"column":27}},"1":{"start":{"line":2,"column":16},"end":{"line":2,"column":34}},"2":{"start":{"line":3,"column":14},"end":{"line":3,"column":30}},"3":{"start":{"line":4,"column":11},"end":{"line":4,"column":24}},"4":{"start":{"line":5,"column":13},"end":{"line":5,"column":28}},"5":{"start":{"line":7,"column":12},"end":{"line":7,"column":21}},"6":{"start":{"line":8,"column":13},"end":{"line":8,"column":37}},"7":{"start":{"line":9,"column":16},"end":{"line":9,"column":47}},"8":{"start":{"line":10,"column":17},"end":{"line":10,"column":66}},"9":{"start":{"line":11,"column":21},"end":{"line":11,"column":71}},"10":{"start":{"line":13,"column":22},"end":{"line":13,"column":121}},"11":{"start":{"line":16,"column":0},"end":{"line":24,"column":3}},"12":{"start":{"line":17,"column":2},"end":{"line":17,"column":53}},"13":{"start":{"line":18,"column":2},"end":{"line":18,"column":43}},"14":{"start":{"line":19,"column":2},"end":{"line":19,"column":53}},"15":{"start":{"line":20,"column":2},"end":{"line":20,"column":175}},"16":{"start":{"line":21,"column":2},"end":{"line":21,"column":71}},"17":{"start":{"line":22,"column":2},"end":{"line":22,"column":35}},"18":{"start":{"line":23,"column":2},"end":{"line":23,"column":9}},"19":{"start":{"line":26,"column":0},"end":{"line":26,"column":56}},"20":{"start":{"line":29,"column":2},"end":{"line":34,"column":29}},"21":{"start":{"line":38,"column":2},"end":{"line":38,"column":71}},"22":{"start":{"line":42,"column":2},"end":{"line":50,"column":22}},"23":{"start":{"line":42,"column":27},"end":{"line":50,"column":11}},"24":{"start":{"line":54,"column":37},"end":{"line":57,"column":4}},"25":{"start":{"line":59,"column":19},"end":{"line":66,"column":5}},"26":{"start":{"line":59,"column":41},"end":{"line":66,"column":3}},"27":{"start":{"line":68,"column":2},"end":{"line":82,"column":4}},"28":{"start":{"line":86,"column":0},"end":{"line":115,"column":3}},"29":{"start":{"line":87,"column":17},"end":{"line":87,"column":31}},"30":{"start":{"line":88,"column":24},"end":{"line":88,"column":57}},"31":{"start":{"line":89,"column":18},"end":{"line":89,"column":20}},"32":{"start":{"line":89,"column":31},"end":{"line":89,"column":33}},"33":{"start":{"line":91,"column":2},"end":{"line":96,"column":4}},"34":{"start":{"line":93,"column":6},"end":{"line":94,"column":68}},"35":{"start":{"line":93,"column":12},"end":{"line":93,"column":49}},"36":{"start":{"line":94,"column":20},"end":{"line":94,"column":38}},"37":{"start":{"line":94,"column":39},"end":{"line":94,"column":66}},"38":{"start":{"line":98,"column":16},"end":{"line":106,"column":19}},"39":{"start":{"line":98,"column":33},"end":{"line":106,"column":9}},"40":{"start":{"line":108,"column":15},"end":{"line":112,"column":121}},"41":{"start":{"line":114,"column":2},"end":{"line":114,"column":17}},"42":{"start":{"line":118,"column":0},"end":{"line":149,"column":3}},"43":{"start":{"line":119,"column":19},"end":{"line":119,"column":33}},"44":{"start":{"line":120,"column":2},"end":{"line":120,"column":42}},"45":{"start":{"line":120,"column":17},"end":{"line":120,"column":42}},"46":{"start":{"line":123,"column":2},"end":{"line":131,"column":3}},"47":{"start":{"line":123,"column":8},"end":{"line":123,"column":39}},"48":{"start":{"line":125,"column":4},"end":{"line":125,"column":31}},"49":{"start":{"line":126,"column":4},"end":{"line":130,"column":109}},"50":{"start":{"line":133,"column":15},"end":{"line":146,"column":60}},"51":{"start":{"line":148,"column":2},"end":{"line":148,"column":17}},"52":{"start":{"line":151,"column":15},"end":{"line":151,"column":104}},"53":{"start":{"line":151,"column":38},"end":{"line":151,"column":103}},"54":{"start":{"line":152,"column":0},"end":{"line":152,"column":24}}},"fnMap":{"0":{"name":"(anonymous_0)","decl":{"start":{"line":16,"column":8},"end":{"line":16,"column":9}},"loc":{"start":{"line":16,"column":28},"end":{"line":24,"column":1}},"line":16},"1":{"name":"escapeHtml","decl":{"start":{"line":28,"column":9},"end":{"line":28,"column":19}},"loc":{"start":{"line":28,"column":25},"end":{"line":35,"column":1}},"line":28},"2":{"name":"readView","decl":{"start":{"line":37,"column":9},"end":{"line":37,"column":17}},"loc":{"start":{"line":37,"column":24},"end":{"line":39,"column":1}},"line":37},"3":{"name":"buildForecastCards","decl":{"start":{"line":41,"column":9},"end":{"line":41,"column":27}},"loc":{"start":{"line":41,"column":38},"end":{"line":51,"column":1}},"line":41},"4":{"name":"(anonymous_4)","decl":{"start":{"line":42,"column":22},"end":{"line":42,"column":23}},"loc":{"start":{"line":42,"column":27},"end":{"line":50,"column":11}},"line":42},"5":{"name":"getWeather","decl":{"start":{"line":53,"column":15},"end":{"line":53,"column":25}},"loc":{"start":{"line":53,"column":32},"end":{"line":83,"column":1}},"line":53},"6":{"name":"(anonymous_6)","decl":{"start":{"line":59,"column":30},"end":{"line":59,"column":31}},"loc":{"start":{"line":59,"column":41},"end":{"line":66,"column":3}},"line":59},"7":{"name":"(anonymous_7)","decl":{"start":{"line":86,"column":13},"end":{"line":86,"column":14}},"loc":{"start":{"line":86,"column":33},"end":{"line":115,"column":1}},"line":86},"8":{"name":"(anonymous_8)","decl":{"start":{"line":92,"column":22},"end":{"line":92,"column":23}},"loc":{"start":{"line":92,"column":38},"end":{"line":95,"column":5}},"line":92},"9":{"name":"(anonymous_9)","decl":{"start":{"line":98,"column":28},"end":{"line":98,"column":29}},"loc":{"start":{"line":98,"column":33},"end":{"line":106,"column":9}},"line":98},"10":{"name":"(anonymous_10)","decl":{"start":{"line":118,"column":17},"end":{"line":118,"column":18}},"loc":{"start":{"line":118,"column":37},"end":{"line":149,"column":1}},"line":118},"11":{"name":"(anonymous_11)","decl":{"start":{"line":151,"column":32},"end":{"line":151,"column":33}},"loc":{"start":{"line":151,"column":38},"end":{"line":151,"column":103}},"line":151}},"branchMap":{"0":{"loc":{"start":{"line":8,"column":13},"end":{"line":8,"column":37}},"type":"binary-expr","locations":[{"start":{"line":8,"column":13},"end":{"line":8,"column":29}},{"start":{"line":8,"column":33},"end":{"line":8,"column":37}}],"line":8},"1":{"loc":{"start":{"line":62,"column":12},"end":{"line":62,"column":25}},"type":"binary-expr","locations":[{"start":{"line":62,"column":12},"end":{"line":62,"column":20}},{"start":{"line":62,"column":24},"end":{"line":62,"column":25}}],"line":62},"2":{"loc":{"start":{"line":88,"column":24},"end":{"line":88,"column":57}},"type":"cond-expr","locations":[{"start":{"line":88,"column":33},"end":{"line":88,"column":41}},{"start":{"line":88,"column":44},"end":{"line":88,"column":57}}],"line":88},"3":{"loc":{"start":{"line":109,"column":38},"end":{"line":109,"column":50}},"type":"binary-expr","locations":[{"start":{"line":109,"column":38},"end":{"line":109,"column":44}},{"start":{"line":109,"column":48},"end":{"line":109,"column":50}}],"line":109},"4":{"loc":{"start":{"line":110,"column":29},"end":{"line":110,"column":149}},"type":"cond-expr","locations":[{"start":{"line":110,"column":56},"end":{"line":110,"column":144}},{"start":{"line":110,"column":147},"end":{"line":110,"column":149}}],"line":110},"5":{"loc":{"start":{"line":110,"column":29},"end":{"line":110,"column":53}},"type":"binary-expr","locations":[{"start":{"line":110,"column":29},"end":{"line":110,"column":35}},{"start":{"line":110,"column":39},"end":{"line":110,"column":53}}],"line":110},"6":{"loc":{"start":{"line":112,"column":26},"end":{"line":112,"column":120}},"type":"cond-expr","locations":[{"start":{"line":112,"column":42},"end":{"line":112,"column":115}},{"start":{"line":112,"column":118},"end":{"line":112,"column":120}}],"line":112},"7":{"loc":{"start":{"line":120,"column":2},"end":{"line":120,"column":42}},"type":"if","locations":[{"start":{"line":120,"column":2},"end":{"line":120,"column":42}},{"start":{},"end":{}}],"line":120}},"s":{"0":1,"1":1,"2":1,"3":1,"4":1,"5":1,"6":1,"7":1,"8":1,"9":1,"10":1,"11":1,"12":3,"13":3,"14":3,"15":3,"16":3,"17":3,"18":3,"19":1,"20":60,"21":2,"22":1,"23":8,"24":11,"25":11,"26":88,"27":11,"28":1,"29":1,"30":1,"31":1,"32":1,"33":1,"34":10,"35":10,"36":0,"37":0,"38":1,"39":10,"40":1,"41":1,"42":1,"43":2,"44":2,"45":1,"46":1,"47":1,"48":0,"49":0,"50":1,"51":1,"52":1,"53":1,"54":1},"f":{"0":3,"1":60,"2":2,"3":1,"4":8,"5":11,"6":88,"7":1,"8":10,"9":10,"10":2,"11":1},"b":{"0":[1,1],"1":[88,0],"2":[0,1],"3":[1,1],"4":[0,1],"5":[1,0],"6":[0,1],"7":[1,1]},"_coverageSchema":"1a1c01bbd47fc00a2c39e90264f33305004495a9","hash":"69ed3f733c3659cb75f82eaa9d90f095ce3aaf96"}
}
