{"/home/stanley/bta-devops/city-weather-application/index.js": {"path":"/home/stanley/bta-devops/city-weather-application/index.js","statementMap":{"0":{"start":{"line":1,"column":0},"end":{"line":1,"column":27}},"1":{"start":{"line":2,"column":16},"end":{"line":2,"column":34}},"2":{"start":{"line":3,"column":14},"end":{"line":3,"column":30}},"3":{"start":{"line":4,"column":11},"end":{"line":4,"column":24}},"4":{"start":{"line":5,"column":13},"end":{"line":5,"column":28}},"5":{"start":{"line":7,"column":12},"end":{"line":7,"column":21}},"6":{"start":{"line":8,"column":13},"end":{"line":8,"column":37}},"7":{"start":{"line":9,"column":16},"end":{"line":9,"column":47}},"8":{"start":{"line":10,"column":17},"end":{"line":10,"column":66}},"9":{"start":{"line":11,"column":21},"end":{"line":11,"column":71}},"10":{"start":{"line":13,"column":22},"end":{"line":13,"column":121}},"11":{"start":{"line":15,"column":0},"end":{"line":15,"column":56}},"12":{"start":{"line":18,"column":2},"end":{"line":18,"column":71}},"13":{"start":{"line":22,"column":37},"end":{"line":25,"column":4}},"14":{"start":{"line":27,"column":19},"end":{"line":34,"column":5}},"15":{"start":{"line":27,"column":41},"end":{"line":34,"column":3}},"16":{"start":{"line":36,"column":2},"end":{"line":50,"column":4}},"17":{"start":{"line":54,"column":0},"end":{"line":83,"column":3}},"18":{"start":{"line":55,"column":17},"end":{"line":55,"column":31}},"19":{"start":{"line":56,"column":24},"end":{"line":56,"column":57}},"20":{"start":{"line":57,"column":18},"end":{"line":57,"column":20}},"21":{"start":{"line":57,"column":31},"end":{"line":57,"column":33}},"22":{"start":{"line":59,"column":2},"end":{"line":64,"column":4}},"23":{"start":{"line":61,"column":6},"end":{"line":62,"column":34}},"24":{"start":{"line":61,"column":12},"end":{"line":61,"column":49}},"25":{"start":{"line":62,"column":14},"end":{"line":62,"column":32}},"26":{"start":{"line":66,"column":16},"end":{"line":74,"column":19}},"27":{"start":{"line":66,"column":33},"end":{"line":74,"column":9}},"28":{"start":{"line":76,"column":15},"end":{"line":80,"column":109}},"29":{"start":{"line":82,"column":2},"end":{"line":82,"column":17}},"30":{"start":{"line":86,"column":0},"end":{"line":124,"column":3}},"31":{"start":{"line":87,"column":19},"end":{"line":87,"column":33}},"32":{"start":{"line":88,"column":2},"end":{"line":88,"column":42}},"33":{"start":{"line":88,"column":17},"end":{"line":88,"column":42}},"34":{"start":{"line":91,"column":2},"end":{"line":96,"column":3}},"35":{"start":{"line":91,"column":8},"end":{"line":91,"column":39}},"36":{"start":{"line":93,"column":4},"end":{"line":95,"column":67}},"37":{"start":{"line":98,"column":24},"end":{"line":106,"column":21}},"38":{"start":{"line":98,"column":44},"end":{"line":106,"column":11}},"39":{"start":{"line":108,"column":15},"end":{"line":121,"column":43}},"40":{"start":{"line":123,"column":2},"end":{"line":123,"column":17}},"41":{"start":{"line":126,"column":15},"end":{"line":126,"column":104}},"42":{"start":{"line":126,"column":38},"end":{"line":126,"column":103}},"43":{"start":{"line":127,"column":0},"end":{"line":127,"column":24}}},"fnMap":{"0":{"name":"readView","decl":{"start":{"line":17,"column":9},"end":{"line":17,"column":17}},"loc":{"start":{"line":17,"column":24},"end":{"line":19,"column":1}},"line":17},"1":{"name":"getWeather","decl":{"start":{"line":21,"column":15},"end":{"line":21,"column":25}},"loc":{"start":{"line":21,"column":32},"end":{"line":51,"column":1}},"line":21},"2":{"name":"(anonymous_2)","decl":{"start":{"line":27,"column":30},"end":{"line":27,"column":31}},"loc":{"start":{"line":27,"column":41},"end":{"line":34,"column":3}},"line":27},"3":{"name":"(anonymous_3)","decl":{"start":{"line":54,"column":13},"end":{"line":54,"column":14}},"loc":{"start":{"line":54,"column":33},"end":{"line":83,"column":1}},"line":54},"4":{"name":"(anonymous_4)","decl":{"start":{"line":60,"column":22},"end":{"line":60,"column":23}},"loc":{"start":{"line":60,"column":38},"end":{"line":63,"column":5}},"line":60},"5":{"name":"(anonymous_5)","decl":{"start":{"line":66,"column":28},"end":{"line":66,"column":29}},"loc":{"start":{"line":66,"column":33},"end":{"line":74,"column":9}},"line":66},"6":{"name":"(anonymous_6)","decl":{"start":{"line":86,"column":17},"end":{"line":86,"column":18}},"loc":{"start":{"line":86,"column":37},"end":{"line":124,"column":1}},"line":86},"7":{"name":"(anonymous_7)","decl":{"start":{"line":98,"column":39},"end":{"line":98,"column":40}},"loc":{"start":{"line":98,"column":44},"end":{"line":106,"column":11}},"line":98},"8":{"name":"(anonymous_8)","decl":{"start":{"line":126,"column":32},"end":{"line":126,"column":33}},"loc":{"start":{"line":126,"column":38},"end":{"line":126,"column":103}},"line":126}},"branchMap":{"0":{"loc":{"start":{"line":8,"column":13},"end":{"line":8,"column":37}},"type":"binary-expr","locations":[{"start":{"line":8,"column":13},"end":{"line":8,"column":29}},{"start":{"line":8,"column":33},"end":{"line":8,"column":37}}],"line":8},"1":{"loc":{"start":{"line":30,"column":12},"end":{"line":30,"column":25}},"type":"binary-expr","locations":[{"start":{"line":30,"column":12},"end":{"line":30,"column":20}},{"start":{"line":30,"column":24},"end":{"line":30,"column":25}}],"line":30},"2":{"loc":{"start":{"line":56,"column":24},"end":{"line":56,"column":57}},"type":"cond-expr","locations":[{"start":{"line":56,"column":33},"end":{"line":56,"column":41}},{"start":{"line":56,"column":44},"end":{"line":56,"column":57}}],"line":56},"3":{"loc":{"start":{"line":77,"column":27},"end":{"line":77,"column":39}},"type":"binary-expr","locations":[{"start":{"line":77,"column":27},"end":{"line":77,"column":33}},{"start":{"line":77,"column":37},"end":{"line":77,"column":39}}],"line":77},"4":{"loc":{"start":{"line":78,"column":29},"end":{"line":78,"column":149}},"type":"cond-expr","locations":[{"start":{"line":78,"column":56},"end":{"line":78,"column":144}},{"start":{"line":78,"column":147},"end":{"line":78,"column":149}}],"line":78},"5":{"loc":{"start":{"line":78,"column":29},"end":{"line":78,"column":53}},"type":"binary-expr","locations":[{"start":{"line":78,"column":29},"end":{"line":78,"column":35}},{"start":{"line":78,"column":39},"end":{"line":78,"column":53}}],"line":78},"6":{"loc":{"start":{"line":80,"column":26},"end":{"line":80,"column":108}},"type":"cond-expr","locations":[{"start":{"line":80,"column":42},"end":{"line":80,"column":103}},{"start":{"line":80,"column":106},"end":{"line":80,"column":108}}],"line":80},"7":{"loc":{"start":{"line":88,"column":2},"end":{"line":88,"column":42}},"type":"if","locations":[{"start":{"line":88,"column":2},"end":{"line":88,"column":42}},{"start":{},"end":{}}],"line":88}},"s":{"0":1,"1":1,"2":1,"3":1,"4":1,"5":1,"6":1,"7":1,"8":1,"9":1,"10":1,"11":1,"12":1,"13":11,"14":0,"15":0,"16":0,"17":1,"18":1,"19":1,"20":1,"21":1,"22":1,"23":10,"24":10,"25":10,"26":1,"27":0,"28":1,"29":1,"30":1,"31":2,"32":2,"33":1,"34":1,"35":1,"36":1,"37":0,"38":0,"39":0,"40":0,"41":1,"42":1,"43":1},"f":{"0":1,"1":11,"2":0,"3":1,"4":10,"5":0,"6":2,"7":0,"8":1},"b":{"0":[1,1],"1":[0,0],"2":[0,1],"3":[1,1],"4":[0,1],"5":[1,0],"6":[1,0],"7":[1,1]},"_coverageSchema":"1a1c01bbd47fc00a2c39e90264f33305004495a9","hash":"b30887ab4e384d07d05cbbb173899184acae00fb"}
}
