TN:
SF:index.js
FN:17,readView
FN:21,getWeather
FN:27,(anonymous_2)
FN:54,(anonymous_3)
FN:60,(anonymous_4)
FN:66,(anonymous_5)
FN:86,(anonymous_6)
FN:98,(anonymous_7)
FN:126,(anonymous_8)
FNF:9
FNH:6
FNDA:1,readView
FNDA:11,getWeather
FNDA:0,(anonymous_2)
FNDA:1,(anonymous_3)
FNDA:10,(anonymous_4)
FNDA:0,(anonymous_5)
FNDA:2,(anonymous_6)
FNDA:0,(anonymous_7)
FNDA:1,(anonymous_8)
DA:1,1
DA:2,1
DA:3,1
DA:4,1
DA:5,1
DA:7,1
DA:8,1
DA:9,1
DA:10,1
DA:11,1
DA:13,1
DA:15,1
DA:18,1
DA:22,11
DA:27,0
DA:36,0
DA:54,1
DA:55,1
DA:56,1
DA:57,1
DA:59,1
DA:61,10
DA:62,10
DA:66,1
DA:76,1
DA:82,1
DA:86,1
DA:87,2
DA:88,2
DA:91,1
DA:93,1
DA:98,0
DA:108,0
DA:123,0
DA:126,1
DA:127,1
LF:36
LH:31
BRDA:8,0,0,1
BRDA:8,0,1,1
BRDA:30,1,0,0
BRDA:30,1,1,0
BRDA:56,2,0,0
BRDA:56,2,1,1
BRDA:77,3,0,1
BRDA:77,3,1,1
BRDA:78,4,0,0
BRDA:78,4,1,1
BRDA:78,5,0,1
BRDA:78,5,1,0
BRDA:80,6,0,1
BRDA:80,6,1,0
BRDA:88,7,0,1
BRDA:88,7,1,1
BRF:16
BRH:10
end_of_record
