TN:
SF:index.js
FN:16,(anonymous_0)
FN:28,escapeHtml
FN:37,readView
FN:41,buildForecastCards
FN:42,(anonymous_4)
FN:53,getWeather
FN:59,(anonymous_6)
FN:86,(anonymous_7)
FN:92,(anonymous_8)
FN:98,(anonymous_9)
FN:118,(anonymous_10)
FN:151,(anonymous_11)
FNF:12
FNH:12
FNDA:3,(anonymous_0)
FNDA:60,escapeHtml
FNDA:2,readView
FNDA:1,buildForecastCards
FNDA:8,(anonymous_4)
FNDA:11,getWeather
FNDA:88,(anonymous_6)
FNDA:1,(anonymous_7)
FNDA:10,(anonymous_8)
FNDA:10,(anonymous_9)
FNDA:2,(anonymous_10)
FNDA:1,(anonymous_11)
DA:1,1
DA:2,1
DA:3,1
DA:4,1
DA:5,1
DA:7,1
DA:8,1
DA:9,1
DA:10,1
DA:11,1
DA:13,1
DA:16,1
DA:17,3
DA:18,3
DA:19,3
DA:20,3
DA:21,3
DA:22,3
DA:23,3
DA:26,1
DA:29,60
DA:38,2
DA:42,8
DA:54,11
DA:59,88
DA:68,11
DA:86,1
DA:87,1
DA:88,1
DA:89,1
DA:91,1
DA:93,10
DA:94,0
DA:98,10
DA:108,1
DA:114,1
DA:118,1
DA:119,2
DA:120,2
DA:123,1
DA:125,0
DA:126,0
DA:133,1
DA:148,1
DA:151,1
DA:152,1
LF:46
LH:43
BRDA:8,0,0,1
BRDA:8,0,1,1
BRDA:62,1,0,88
BRDA:62,1,1,0
BRDA:88,2,0,0
BRDA:88,2,1,1
BRDA:109,3,0,1
BRDA:109,3,1,1
BRDA:110,4,0,0
BRDA:110,4,1,1
BRDA:110,5,0,1
BRDA:110,5,1,0
BRDA:112,6,0,0
BRDA:112,6,1,1
BRDA:120,7,0,1
BRDA:120,7,1,1
BRF:16
BRH:11
end_of_record
